# JRE version: Java(TM) SE Runtime Environment (8.0_171-b11) (build 1.8.0_171-b11)
# Java VM: Java HotSpot(TM) 64-Bit Server VM (25.171-b11 mixed mode windows-amd64 compressed oops)
Heap:
 garbage-first heap   total 540672K, used 144324K [0x00000000c0000000, 0x00000000c0101080, 0x0000000100000000)
  region size 1024K, 28 young (28672K), 28 survivors (28672K)
 Metaspace       used 56407K, capacity 59216K, committed 59340K, reserved 1101824K
  class space    used 5719K, capacity 6599K, committed 6604K, reserved 1048576K
GC Heap History (10 events):
Event: 83.480 GC heap after
Heap after GC invocations=45 (full 0):
 garbage-first heap   total 126976K, used 102592K [0x00000000c0000000, 0x00000000c01003e0, 0x0000000100000000)
  region size 1024K, 2 young (2048K), 2 survivors (2048K)
 Metaspace       used 54166K, capacity 56920K, committed 57164K, reserved 1099776K
  class space    used 5511K, capacity 6392K, committed 6476K, reserved 1048576K
}
Event: 83.575 GC heap before
{Heap before GC invocations=45 (full 0):
 garbage-first heap   total 126976K, used 110784K [0x00000000c0000000, 0x00000000c01003e0, 0x0000000100000000)
  region size 1024K, 10 young (10240K), 2 survivors (2048K)
 Metaspace       used 54177K, capacity 56920K, committed 57164K, reserved 1099776K
  class space    used 5511K, capacity 6392K, committed 6476K, reserved 1048576K
Event: 83.591 GC heap after
Heap after GC invocations=46 (full 0):
 garbage-first heap   total 126976K, used 106176K [0x00000000c0000000, 0x00000000c01003e0, 0x0000000100000000)
  region size 1024K, 2 young (2048K), 2 survivors (2048K)
 Metaspace       used 54177K, capacity 56920K, committed 57164K, reserved 1099776K
  class space    used 5511K, capacity 6392K, committed 6476K, reserved 1048576K
}
Event: 83.613 GC heap before
{Heap before GC invocations=46 (full 0):
 garbage-first heap   total 126976K, used 110272K [0x00000000c0000000, 0x00000000c01003e0, 0x0000000100000000)
  region size 1024K, 6 young (6144K), 2 survivors (2048K)
 Metaspace       used 54181K, capacity 56920K, committed 57164K, reserved 1099776K
  class space    used 5511K, capacity 6392K, committed 6476K, reserved 1048576K
Event: 83.623 GC heap after
Heap after GC invocations=47 (full 0):
 garbage-first heap   total 126976K, used 108363K [0x00000000c0000000, 0x00000000c01003e0, 0x0000000100000000)
  region size 1024K, 1 young (1024K), 1 survivors (1024K)
 Metaspace       used 54181K, capacity 56920K, committed 57164K, reserved 1099776K
  class space    used 5511K, capacity 6392K, committed 6476K, reserved 1048576K
}
Event: 83.682 GC heap before
{Heap before GC invocations=48 (full 0):
 garbage-first heap   total 126976K, used 113483K [0x00000000c0000000, 0x00000000c01003e0, 0x0000000100000000)
  region size 1024K, 6 young (6144K), 1 survivors (1024K)
 Metaspace       used 54191K, capacity 56984K, committed 57164K, reserved 1099776K
  class space    used 5511K, capacity 6392K, committed 6476K, reserved 1048576K
Event: 83.700 GC heap after
Heap after GC invocations=49 (full 0):
 garbage-first heap   total 253952K, used 110670K [0x00000000c0000000, 0x00000000c01007c0, 0x0000000100000000)
  region size 1024K, 1 young (1024K), 1 survivors (1024K)
 Metaspace       used 54191K, capacity 56984K, committed 57164K, reserved 1099776K
  class space    used 5511K, capacity 6392K, committed 6476K, reserved 1048576K
}
Event: 83.906 GC heap before
{Heap before GC invocations=49 (full 0):
 garbage-first heap   total 253952K, used 121934K [0x00000000c0000000, 0x00000000c01007c0, 0x0000000100000000)
  region size 1024K, 12 young (12288K), 1 survivors (1024K)
 Metaspace       used 54193K, capacity 56984K, committed 57164K, reserved 1099776K
  class space    used 5511K, capacity 6392K, committed 6476K, reserved 1048576K
Event: 83.924 GC heap after
Heap after GC invocations=50 (full 0):
 garbage-first heap   total 413696K, used 106091K [0x00000000c0000000, 0x00000000c0100ca0, 0x0000000100000000)
  region size 1024K, 2 young (2048K), 2 survivors (2048K)
 Metaspace       used 54193K, capacity 56984K, committed 57164K, reserved 1099776K
  class space    used 5511K, capacity 6392K, committed 6476K, reserved 1048576K
}
Event: 87.952 GC heap before
{Heap before GC invocations=50 (full 0):
 garbage-first heap   total 413696K, used 332779K [0x00000000c0000000, 0x00000000c0100ca0, 0x0000000100000000)
  region size 1024K, 220 young (225280K), 2 survivors (2048K)
 Metaspace       used 56407K, capacity 59216K, committed 59340K, reserved 1101824K
  class space    used 5719K, capacity 6599K, committed 6604K, reserved 1048576K

